diff --git a/App.js b/App.js
index a9c3a4b..2c558f3 100644
--- a/App.js
+++ b/App.js
@@ -428,9 +428,7 @@ const App = () => {
             }}
           />
 
-          <Tab.Screen
-            // name="Notification"
-            // component={Notification}
+          {/* <Tab.Screen
             name="HomeScreen"
             component={Home}
             initialParams={{activeTab: 1}}
@@ -462,52 +460,16 @@ const App = () => {
                     }
                     resizeMode="contain"
                   />
-                  {/* {!_.isEmpty(UserReducer.userProfileResp) ? (
-                    UserReducer.userProfileResp.isActivity ? (
-                      <View
-                        style={{
-                          position: 'absolute',
-                          right: normalise(-2),
-                          top:
-                            Platform.OS === 'android'
-                              ? normalise(8)
-                              : normalise(-2),
-                          backgroundColor: Colors.red,
-                          borderRadius: normalize(8),
-                          height: 10,
-                          width: 10,
-                          justifyContent: 'center',
-                          alignItems: 'center',
-                        }}
-                      />
-                    ) : null
-                  ) : null} */}
                 </View>
               ),
               tabBarLabel: '',
-              // tabBarButton: props => {
-              //   const navigation = useNavigation();
-              //   return (
-              //     <TouchableOpacity
-              //       onPress={() => {
-              //         navigation
-              //           .getParent()
-              //           ?.navigate('Home', {activeTab: 1});
-              //       }}
-              //       {...props}
-              //       activeOpacity={0.7}>
-              //       {props.children}
-              //     </TouchableOpacity>
-              //   );
-              // },
             }}
             listeners={({navigation}) => ({
               tabPress: e => {
-                // e.preventDefault();
                 navigation.navigate('Home', {activeTab: 1});
               },
             })}
-          />
+          /> */}
 
           {/* <Tab.Screen
             name="Inbox"
diff --git a/src/components/main/MySessionDetailScreen.js b/src/components/main/MySessionDetailScreen.js
index 37f54f5..19d7321 100644
--- a/src/components/main/MySessionDetailScreen.js
+++ b/src/components/main/MySessionDetailScreen.js
@@ -1546,7 +1546,7 @@ function MySessionDetailScreen(props) {
   const positionRef = useRef(null);
   const playerAcceptedSongsRef = useRef([]);
   const {song: currentPlayinSongData} = useCurrentSong();
-  // console.log(currentPlayinSongData, 'thi isi ssong');
+  console.log(sessionReduxData?.startSessionLoading, 'thiisissong');
   //USEEFFECT HOOKS++++++++++++++++++++++++++++++++++++++++++++++++++++++
 
   // useEffect(() => {
@@ -2189,7 +2189,11 @@ function MySessionDetailScreen(props) {
         }
       />
       <LinearGradient
-        colors={['#0E402C', '#101119', '#360455']}
+        colors={
+          islive
+            ? ['#101119', '#101119', '#101119']
+            : ['#0E402C', '#101119', '#360455']
+        }
         style={{flex: 1}}
         start={{x: 0, y: 0}}
         end={{x: 1, y: 1}}>
@@ -2338,7 +2342,7 @@ function MySessionDetailScreen(props) {
                           //   playerState?.state == 'none') && {opacity: 1},
                           !iscurrentPlaying && islive && {opacity: 0.4},
                         ]}>
-                        {iscurrentPlaying && (
+                        {/* {iscurrentPlaying ? (
                           <TouchableOpacity
                             disabled={iscurrentPlaying ? false : true}
                             // onPress={handlePlayPauseViaButton}
@@ -2359,23 +2363,55 @@ function MySessionDetailScreen(props) {
                               resizeMode="contain"
                             />
                           </TouchableOpacity>
-                        )}
-                        <Image
-                          source={{uri: item?.song_image}}
-                          style={styles.songListItemImage}
-                          resizeMode="cover"
-                        />
-                        <View style={styles.listItemHeaderSongText}>
-                          <Text
-                            style={styles.songlistItemHeaderSongTextTitle}
-                            numberOfLines={1}>
-                            {item?.song_name}
-                          </Text>
-                          <Text
-                            style={styles.songlistItemHeaderSongTextArtist}
-                            numberOfLines={1}>
-                            {item?.artist_name}
-                          </Text>
+                        ) : (
+                          <View style={styles.playButtonStyle}></View>
+                        )} */}
+
+                        {islive ? (
+                          iscurrentPlaying ? (
+                            <TouchableOpacity
+                              disabled={!iscurrentPlaying}
+                              // onPress={handlePlayPauseViaButton}
+                              style={styles.playButtonStyle}>
+                              <Image
+                                // source={(isPlaying && iscurrentPlaying) ? ImagePath.pause : ImagePath.play}
+                                source={
+                                  (appleFullSongPlaying ||
+                                    playerState?.state === 'playing') &&
+                                  iscurrentPlaying
+                                    ? ImagePath.pause
+                                    : ImagePath.play
+                                }
+                                style={{
+                                  height: normalise(25),
+                                  width: normalise(25),
+                                }}
+                                resizeMode="contain"
+                              />
+                            </TouchableOpacity>
+                          ) : (
+                            <View style={styles.playButtonStyle}></View>
+                          )
+                        ) : null}
+
+                        <View style={{flexDirection: 'row'}}>
+                          <Image
+                            source={{uri: item?.song_image}}
+                            style={styles.songListItemImage}
+                            resizeMode="cover"
+                          />
+                          <View style={styles.listItemHeaderSongText}>
+                            <Text
+                              style={styles.songlistItemHeaderSongTextTitle}
+                              numberOfLines={1}>
+                              {item?.song_name}
+                            </Text>
+                            <Text
+                              style={styles.songlistItemHeaderSongTextArtist}
+                              numberOfLines={1}>
+                              {item?.artist_name}
+                            </Text>
+                          </View>
                         </View>
                       </View>
                     );
@@ -2385,65 +2421,71 @@ function MySessionDetailScreen(props) {
                 />
               </View>
             </View>
-            {currentListners?.length > 0 && islive && (
-              <View style={styles.listenersContainer}>
-                <View style={styles.listenersTextWrapper}>
-                  <Text
+            {islive ? (
+              currentListners?.length > 0 ? (
+                <View style={styles.listenersContainer}>
+                  <View style={styles.listenersTextWrapper}>
+                    <Text
+                      style={[
+                        styles.listItemHeaderSongTextTitle,
+                        {marginTop: normalise(5), fontSize: normalise(12)},
+                      ]}
+                      numberOfLines={2}>
+                      LISTENERS
+                    </Text>
+                  </View>
+                  <View
                     style={[
-                      styles.listItemHeaderSongTextTitle,
-                      {marginTop: normalise(5), fontSize: normalise(12)},
-                    ]}
-                    numberOfLines={2}>
-                    LISTENERS
-                  </Text>
+                      styles.bottomLineStyle,
+                      {
+                        width: width / 3.8,
+                        marginBottom: normalise(8),
+                        marginTop: normalise(0),
+                      },
+                    ]}></View>
+                  <ScrollView style={{flex: 1}}>
+                    <View
+                      style={{
+                        flexDirection: 'row',
+                        justifyContent: 'center',
+                        flexWrap: 'wrap',
+                      }}>
+                      {currentListners?.map((item, index) => {
+                        return (
+                          <View
+                            style={[
+                              styles.joineeIitemWrapper,
+                              // index == 0 &&
+                              //   currentListners?.length > 1 && {
+                              //     marginLeft: normalise(40),
+                              //   },
+                              // index == 3 && {marginRight: normalise(40)},
+                            ]}>
+                            <Image
+                              source={
+                                item?.profile_image
+                                  ? {
+                                      uri:
+                                        constants.profile_picture_base_url +
+                                        item?.profile_image,
+                                    }
+                                  : ImagePath.userPlaceholder
+                              }
+                              style={[styles.songListItemImage]}
+                              resizeMode="cover"
+                            />
+                          </View>
+                        );
+                      })}
+                    </View>
+                  </ScrollView>
                 </View>
-                <View
-                  style={[
-                    styles.bottomLineStyle,
-                    {
-                      width: width / 3.8,
-                      marginBottom: normalise(8),
-                      marginTop: normalise(0),
-                    },
-                  ]}></View>
-                <ScrollView style={{flex: 1}}>
-                  <View
-                    style={{
-                      flexDirection: 'row',
-                      justifyContent: 'center',
-                      flexWrap: 'wrap',
-                    }}>
-                    {currentListners?.map((item, index) => {
-                      return (
-                        <View
-                          style={[
-                            styles.joineeIitemWrapper,
-                            // index == 0 &&
-                            //   currentListners?.length > 1 && {
-                            //     marginLeft: normalise(40),
-                            //   },
-                            // index == 3 && {marginRight: normalise(40)},
-                          ]}>
-                          <Image
-                            source={
-                              item?.profile_image
-                                ? {
-                                    uri:
-                                      constants.profile_picture_base_url +
-                                      item?.profile_image,
-                                  }
-                                : ImagePath.userPlaceholder
-                            }
-                            style={[styles.songListItemImage]}
-                            resizeMode="cover"
-                          />
-                        </View>
-                      );
-                    })}
-                  </View>
-                </ScrollView>
-              </View>
-            )}
+              ) : (
+                <View>
+                  <Text style={styles.noJoineeText}>No listeners available</Text>
+                </View>
+              )
+            ) : null}
           </View>
           {!props.route.params.isforEdit && (
             <TrackProgress
@@ -2683,6 +2725,13 @@ const styles = StyleSheet.create({
   modalText: {
     marginBottom: 15,
   },
+  noJoineeText: {
+    color: Colors.white,
+    fontFamily: 'ProximaNova-Regular',
+    fontSize: normalise(12),
+    textAlign: 'center',
+    marginTop: normalise(20),
+  }
 });
 
 export default MySessionDetailScreen;
